<?xml version="1.0" encoding="UTF-8"?>
<!-- Generated by org.testng.reporters.JUnitReportReporter -->
<testsuite skipped="0" hostname="ip-172-31-28-201" name="testcases.HomeTest" tests="1" failures="0" timestamp="2022-03-12T03:59:13 UTC" time="1.493" errors="0">
  <testcase name="test1" time="1.493" classname="testcases.HomeTest"/>
  <system-out/>
</testsuite> <!-- testcases.HomeTest -->
