<?xml version="1.0" encoding="UTF-8"?>
<!-- Generated by org.testng.reporters.JUnitReportReporter -->
<testsuite skipped="1" hostname="ip-172-31-28-201" name="testcases.LoginTest" tests="4" failures="0" timestamp="2022-03-12T09:39:36 UTC" time="15.728" errors="0">
  <testcase name="LoginFailureTest" time="5.255" classname="testcases.LoginTest"/>
  <system-out/>
  <testcase name="ExternalDataTest" time="7.201" classname="testcases.LoginTest"/>
  <system-out/>
  <testcase name="LoginSuccessTest" time="3.272" classname="testcases.LoginTest"/>
  <system-out/>
  <testcase name="ParameterizedTest" classname="testcases.LoginTest">
    <skipped/>
  </testcase> <!-- ParameterizedTest -->
  <system-out/>
</testsuite> <!-- testcases.LoginTest -->
