<?xml version="1.0" encoding="UTF-8"?>
<!-- Generated by org.testng.reporters.JUnitReportReporter -->
<testsuite skipped="0" hostname="ip-172-31-28-201" name="testcases.LoginTest" tests="4" failures="0" timestamp="2022-03-13T05:00:19 UTC" time="15.520" errors="0">
  <testcase name="LoginSuccessTest" time="3.869" classname="testcases.LoginTest"/>
  <system-out/>
  <testcase name="ParameterizedTest" time="4.258" classname="testcases.LoginTest"/>
  <system-out/>
  <testcase name="LoginFailiureTest" time="3.635" classname="testcases.LoginTest"/>
  <system-out/>
  <testcase name="ExternalDataTest" time="3.758" classname="testcases.LoginTest"/>
  <system-out/>
</testsuite> <!-- testcases.LoginTest -->
